1.5440 	WARNING 	We strongly recommend you activate the PTB sound engine in PsychoPy prefs as the preferred audio engine. Its timing is vastly superior. Your prefs are currently set to use ['sounddevice', 'PTB', 'pyo', 'pygame'] (in that order).
7.5346 	WARNING 	User requested fullscreen with size [1024  768], but screen is actually [1440, 900]. Using actual size
8.2327 	EXP 	Created window1 = Window(allowGUI=True, allowStencil=False, autoLog=True, backendConf=UNKNOWN, bitsMode=UNKNOWN, blendMode='avg', bpc=(8, 8, 8), color=array([0, 0, 0]), colorSpace='rgb', depthBits=8, fullscr=<method-wrapper '__getattribute__' of attributeSetter object at 0x7fb530d85eb0>, gamma=None, gammaErrorPolicy='raise', lms=UNKNOWN, monitor=<psychopy.monitors.calibTools.Monitor object at 0x7fb4f0a7d9d0>, multiSample=False, name='window1', numSamples=2, pos=[360.0, 225.0], screen=0, size=array([2880, 1800]), stencilBits=0, stereo=False, units='height', useFBO=True, useRetina=True, viewOri=0.0, viewPos=None, viewScale=None, waitBlanking=True, winType='pyglet')
8.2335 	EXP 	window1: mouseVisible = True
8.2348 	EXP 	window1: mouseVisible = False
8.2349 	EXP 	window1: Attempting to measure frame rate of screen (0) ...
8.2349 	EXP 	window1: recordFrameIntervals = False
8.3992 	EXP 	window1: recordFrameIntervals = True
8.5810 	EXP 	Screen (0) actual frame rate measured at 60.28Hz
8.5810 	EXP 	window1: recordFrameIntervals = False
10.8797 	EXP 	Created fixation = ShapeStim(__class__=<class 'psychopy.visual.shape.ShapeStim'>, anchor=('center', 'center'), autoDraw=False, autoLog=True, closeShape=True, color=method-wrapper(...), colorSpace='rgb', contrast=None, depth=0.0, fillColor=array([1, 1, 1]), fillColorSpace='rgb', fillRGB=array([1, 1, 1]), interpolate=True, lineColor=array([1, 1, 1]), lineColorSpace='rgb', lineRGB=array([1, 1, 1]), lineWidth=1.0, name='fixation', opacity=1.0, ori=0.0, pos=array([0., 0.]), size=array([10., 10.]), units='pix', vertices=ndarray(...), win=Window(...), windingRule=None)
10.8889 	EXP 	Created grating = GratingStim(__class__=<class 'psychopy.visual.grating.GratingStim'>, anchor='center', autoDraw=False, autoLog=True, blendmode='avg', color=array([0.3, 0.3, 0.3]), colorSpace='rgb', contrast=0.3, depth=-1.0, interpolate=True, mask='gauss', maskParams=None, name='grating', opacity=1.0, ori=1.0, phase=array([0., 0.]), pos=array([0., 0.]), rgbPedestal=array([0., 0., 0.]), sf=array([5., 5.]), size=array([0.2, 0.2]), tex='sin', texRes=128.0, units='height', win=Window(...))
10.8918 	EXP 	Created sequence: random, trialTypes=1, nReps=100, seed=None
10.8922 	EXP 	New trial (rep=0, index=0): None
10.9039 	EXP 	grating: ori = -2.0
10.9039 	EXP 	fixation: autoDraw = True
11.8917 	EXP 	grating: autoDraw = True
11.8917 	EXP 	grating: tex = 'sin'
11.9126 	EXP 	fixation: autoDraw = False
12.1852 	EXP 	grating: autoDraw = False
13.2243 	EXP 	New trial (rep=1, index=0): None
13.2712 	DATA 	Keypress: down
13.2763 	EXP 	fixation: autoDraw = False
13.2763 	EXP 	grating: autoDraw = False
13.2763 	EXP 	grating: ori = 2.0
13.2763 	EXP 	fixation: autoDraw = True
14.2178 	EXP 	grating: autoDraw = True
14.2684 	EXP 	fixation: autoDraw = False
14.5127 	EXP 	grating: autoDraw = False
14.9712 	EXP 	New trial (rep=2, index=0): None
14.9732 	DATA 	Keypress: down
14.9789 	EXP 	fixation: autoDraw = False
14.9789 	EXP 	grating: autoDraw = False
14.9789 	EXP 	grating: ori = 1.0
14.9789 	EXP 	fixation: autoDraw = True
15.9680 	EXP 	fixation: autoDraw = False
15.9680 	EXP 	grating: autoDraw = True
16.2627 	EXP 	grating: autoDraw = False
16.7323 	EXP 	New trial (rep=3, index=0): None
16.7342 	DATA 	Keypress: down
16.7388 	EXP 	fixation: autoDraw = False
16.7388 	EXP 	grating: autoDraw = False
16.7388 	EXP 	grating: ori = 3.0
16.7388 	EXP 	fixation: autoDraw = True
17.7352 	EXP 	fixation: autoDraw = False
17.7352 	EXP 	grating: autoDraw = True
18.0292 	EXP 	grating: autoDraw = False
18.2982 	EXP 	New trial (rep=4, index=0): None
18.3028 	EXP 	fixation: autoDraw = False
18.3028 	EXP 	grating: autoDraw = False
18.3028 	EXP 	grating: ori = 0.0
18.3028 	EXP 	fixation: autoDraw = True
18.3044 	DATA 	Keypress: down
19.2958 	EXP 	fixation: autoDraw = False
19.2958 	EXP 	grating: autoDraw = True
19.5850 	EXP 	grating: autoDraw = False
21.9859 	EXP 	New trial (rep=5, index=0): None
21.9889 	DATA 	Keypress: up
21.9978 	EXP 	fixation: autoDraw = False
21.9978 	EXP 	grating: autoDraw = False
21.9978 	EXP 	grating: ori = -2.0
21.9978 	EXP 	fixation: autoDraw = True
22.9982 	EXP 	fixation: autoDraw = False
22.9982 	EXP 	grating: autoDraw = True
23.2979 	EXP 	grating: autoDraw = False
23.6491 	EXP 	New trial (rep=6, index=0): None
23.6512 	DATA 	Keypress: up
23.6567 	EXP 	fixation: autoDraw = False
23.6567 	EXP 	grating: autoDraw = False
23.6567 	EXP 	grating: ori = 0.0
23.6567 	EXP 	fixation: autoDraw = True
24.6487 	EXP 	grating: autoDraw = True
24.6652 	EXP 	fixation: autoDraw = False
24.9480 	EXP 	grating: autoDraw = False
25.5003 	EXP 	New trial (rep=7, index=0): None
25.5018 	DATA 	Keypress: up
25.5151 	EXP 	fixation: autoDraw = False
25.5151 	EXP 	grating: autoDraw = False
25.5151 	EXP 	grating: ori = 0.0
25.5151 	EXP 	fixation: autoDraw = True
26.5148 	EXP 	fixation: autoDraw = False
26.5148 	EXP 	grating: autoDraw = True
26.8145 	EXP 	grating: autoDraw = False
27.2193 	EXP 	New trial (rep=8, index=0): None
27.2221 	DATA 	Keypress: up
27.2313 	EXP 	fixation: autoDraw = False
27.2313 	EXP 	grating: autoDraw = False
27.2313 	EXP 	grating: ori = -3.0
27.2313 	EXP 	fixation: autoDraw = True
28.2311 	EXP 	fixation: autoDraw = False
28.2311 	EXP 	grating: autoDraw = True
28.5320 	EXP 	grating: autoDraw = False
28.8320 	EXP 	New trial (rep=9, index=0): None
28.8372 	EXP 	fixation: autoDraw = False
28.8372 	EXP 	grating: autoDraw = False
28.8372 	EXP 	grating: ori = 3.0
28.8372 	EXP 	fixation: autoDraw = True
28.8412 	DATA 	Keypress: up
29.8316 	EXP 	grating: autoDraw = True
29.8480 	EXP 	fixation: autoDraw = False
30.1314 	EXP 	grating: autoDraw = False
30.4358 	EXP 	New trial (rep=10, index=0): None
30.4387 	DATA 	Keypress: down
30.4482 	EXP 	fixation: autoDraw = False
30.4482 	EXP 	grating: autoDraw = False
30.4482 	EXP 	grating: ori = 0.0
30.4482 	EXP 	fixation: autoDraw = True
31.4481 	EXP 	fixation: autoDraw = False
31.4481 	EXP 	grating: autoDraw = True
31.7482 	EXP 	grating: autoDraw = False
32.6029 	EXP 	New trial (rep=11, index=0): None
32.6058 	DATA 	Keypress: down
32.6150 	EXP 	fixation: autoDraw = False
32.6150 	EXP 	grating: autoDraw = False
32.6150 	EXP 	grating: ori = -5.0
32.6150 	EXP 	fixation: autoDraw = True
33.6148 	EXP 	fixation: autoDraw = False
33.6148 	EXP 	grating: autoDraw = True
33.9147 	EXP 	grating: autoDraw = False
34.1846 	EXP 	New trial (rep=12, index=0): None
34.1875 	DATA 	Keypress: down
34.1991 	EXP 	fixation: autoDraw = False
34.1991 	EXP 	grating: autoDraw = False
34.1991 	EXP 	grating: ori = -5.0
34.1991 	EXP 	fixation: autoDraw = True
35.1984 	EXP 	fixation: autoDraw = False
35.1984 	EXP 	grating: autoDraw = True
35.4981 	EXP 	grating: autoDraw = False
35.7693 	EXP 	New trial (rep=13, index=0): None
35.7722 	DATA 	Keypress: down
35.7812 	EXP 	fixation: autoDraw = False
35.7812 	EXP 	grating: autoDraw = False
35.7812 	EXP 	grating: ori = 3.0
35.7812 	EXP 	fixation: autoDraw = True
36.7814 	EXP 	fixation: autoDraw = False
36.7814 	EXP 	grating: autoDraw = True
37.0814 	EXP 	grating: autoDraw = False
37.4183 	EXP 	New trial (rep=14, index=0): None
37.4205 	DATA 	Keypress: down
37.4317 	EXP 	fixation: autoDraw = False
37.4317 	EXP 	grating: autoDraw = False
37.4317 	EXP 	grating: ori = 0.0
37.4317 	EXP 	fixation: autoDraw = True
38.4312 	EXP 	fixation: autoDraw = False
38.4312 	EXP 	grating: autoDraw = True
38.7322 	EXP 	grating: autoDraw = False
40.1391 	EXP 	New trial (rep=15, index=0): None
40.1416 	DATA 	Keypress: down
40.1466 	EXP 	fixation: autoDraw = False
40.1466 	EXP 	grating: autoDraw = False
40.1466 	EXP 	grating: ori = -5.0
40.1466 	EXP 	fixation: autoDraw = True
41.1484 	EXP 	fixation: autoDraw = False
41.1484 	EXP 	grating: autoDraw = True
41.4486 	EXP 	grating: autoDraw = False
41.8015 	EXP 	New trial (rep=16, index=0): None
41.8044 	DATA 	Keypress: down
41.8151 	EXP 	fixation: autoDraw = False
41.8151 	EXP 	grating: autoDraw = False
41.8151 	EXP 	grating: ori = 0.0
41.8151 	EXP 	fixation: autoDraw = True
42.8155 	EXP 	fixation: autoDraw = False
42.8155 	EXP 	grating: autoDraw = True
43.1149 	EXP 	grating: autoDraw = False
43.6176 	EXP 	New trial (rep=17, index=0): None
43.6201 	DATA 	Keypress: up
43.6242 	EXP 	fixation: autoDraw = False
43.6242 	EXP 	grating: autoDraw = False
43.6242 	EXP 	grating: ori = 0.0
43.6242 	EXP 	fixation: autoDraw = True
44.6134 	EXP 	grating: autoDraw = True
44.6196 	EXP 	fixation: autoDraw = False
44.9013 	EXP 	grating: autoDraw = False
45.2519 	EXP 	New trial (rep=18, index=0): None
45.2543 	DATA 	Keypress: up
45.2657 	EXP 	fixation: autoDraw = False
45.2657 	EXP 	grating: autoDraw = False
45.2657 	EXP 	grating: ori = 0.0
45.2657 	EXP 	fixation: autoDraw = True
46.2653 	EXP 	fixation: autoDraw = False
46.2653 	EXP 	grating: autoDraw = True
46.5653 	EXP 	grating: autoDraw = False
46.9026 	EXP 	New trial (rep=19, index=0): None
46.9054 	DATA 	Keypress: up
46.9151 	EXP 	fixation: autoDraw = False
46.9151 	EXP 	grating: autoDraw = False
46.9151 	EXP 	grating: ori = 2.0
46.9151 	EXP 	fixation: autoDraw = True
47.9151 	EXP 	fixation: autoDraw = False
47.9151 	EXP 	grating: autoDraw = True
48.2153 	EXP 	grating: autoDraw = False
48.5031 	EXP 	New trial (rep=20, index=0): None
48.5059 	DATA 	Keypress: down
48.5150 	EXP 	fixation: autoDraw = False
48.5150 	EXP 	grating: autoDraw = False
48.5150 	EXP 	grating: ori = -2.0
48.5150 	EXP 	fixation: autoDraw = True
49.5154 	EXP 	fixation: autoDraw = False
49.5154 	EXP 	grating: autoDraw = True
49.8152 	EXP 	grating: autoDraw = False
50.1859 	EXP 	New trial (rep=21, index=0): None
50.1887 	DATA 	Keypress: down
50.1988 	EXP 	fixation: autoDraw = False
50.1988 	EXP 	grating: autoDraw = False
50.1988 	EXP 	grating: ori = 3.0
50.1988 	EXP 	fixation: autoDraw = True
51.1987 	EXP 	fixation: autoDraw = False
51.1987 	EXP 	grating: autoDraw = True
51.4986 	EXP 	grating: autoDraw = False
51.8029 	EXP 	New trial (rep=22, index=0): None
51.8058 	DATA 	Keypress: down
51.8151 	EXP 	fixation: autoDraw = False
51.8151 	EXP 	grating: autoDraw = False
51.8151 	EXP 	grating: ori = 0.0
51.8151 	EXP 	fixation: autoDraw = True
52.8146 	EXP 	fixation: autoDraw = False
52.8146 	EXP 	grating: autoDraw = True
53.1152 	EXP 	grating: autoDraw = False
53.6027 	EXP 	New trial (rep=23, index=0): None
53.6056 	DATA 	Keypress: up
53.6154 	EXP 	fixation: autoDraw = False
53.6154 	EXP 	grating: autoDraw = False
53.6154 	EXP 	grating: ori = -4.0
53.6154 	EXP 	fixation: autoDraw = True
54.6153 	EXP 	fixation: autoDraw = False
54.6153 	EXP 	grating: autoDraw = True
54.9159 	EXP 	grating: autoDraw = False
55.2360 	EXP 	New trial (rep=24, index=0): None
55.2389 	DATA 	Keypress: down
55.2485 	EXP 	fixation: autoDraw = False
55.2485 	EXP 	grating: autoDraw = False
55.2485 	EXP 	grating: ori = 0.0
55.2485 	EXP 	fixation: autoDraw = True
56.2489 	EXP 	fixation: autoDraw = False
56.2489 	EXP 	grating: autoDraw = True
56.5488 	EXP 	grating: autoDraw = False
57.0030 	EXP 	New trial (rep=25, index=0): None
57.0059 	DATA 	Keypress: up
57.0154 	EXP 	fixation: autoDraw = False
57.0154 	EXP 	grating: autoDraw = False
57.0154 	EXP 	grating: ori = 2.0
57.0154 	EXP 	fixation: autoDraw = True
58.0158 	EXP 	fixation: autoDraw = False
58.0158 	EXP 	grating: autoDraw = True
58.3154 	EXP 	grating: autoDraw = False
58.6528 	EXP 	New trial (rep=26, index=0): None
58.6545 	DATA 	Keypress: down
58.6656 	EXP 	fixation: autoDraw = False
58.6656 	EXP 	grating: autoDraw = False
58.6656 	EXP 	grating: ori = 0.0
58.6656 	EXP 	fixation: autoDraw = True
59.6653 	EXP 	fixation: autoDraw = False
59.6653 	EXP 	grating: autoDraw = True
59.9653 	EXP 	grating: autoDraw = False
60.3360 	EXP 	New trial (rep=27, index=0): None
60.3389 	DATA 	Keypress: up
60.3487 	EXP 	fixation: autoDraw = False
60.3487 	EXP 	grating: autoDraw = False
60.3487 	EXP 	grating: ori = -5.0
60.3487 	EXP 	fixation: autoDraw = True
61.3489 	EXP 	fixation: autoDraw = False
61.3489 	EXP 	grating: autoDraw = True
61.6488 	EXP 	grating: autoDraw = False
61.8529 	EXP 	New trial (rep=28, index=0): None
61.8556 	DATA 	Keypress: down
61.8655 	EXP 	fixation: autoDraw = False
61.8655 	EXP 	grating: autoDraw = False
61.8655 	EXP 	grating: ori = -3.0
61.8655 	EXP 	fixation: autoDraw = True
62.8662 	EXP 	fixation: autoDraw = False
62.8662 	EXP 	grating: autoDraw = True
63.1653 	EXP 	grating: autoDraw = False
63.3361 	EXP 	New trial (rep=29, index=0): None
63.3390 	DATA 	Keypress: down
63.3489 	EXP 	fixation: autoDraw = False
63.3489 	EXP 	grating: autoDraw = False
63.3489 	EXP 	grating: ori = 0.0
63.3489 	EXP 	fixation: autoDraw = True
64.3493 	EXP 	fixation: autoDraw = False
64.3493 	EXP 	grating: autoDraw = True
64.6487 	EXP 	grating: autoDraw = False
65.0035 	EXP 	New trial (rep=30, index=0): None
65.0066 	DATA 	Keypress: up
65.0155 	EXP 	fixation: autoDraw = False
65.0155 	EXP 	grating: autoDraw = False
65.0155 	EXP 	grating: ori = -2.0
65.0155 	EXP 	fixation: autoDraw = True
66.0158 	EXP 	fixation: autoDraw = False
66.0158 	EXP 	grating: autoDraw = True
66.3155 	EXP 	grating: autoDraw = False
66.6538 	EXP 	New trial (rep=31, index=0): None
66.6567 	DATA 	Keypress: up
66.6656 	EXP 	fixation: autoDraw = False
66.6656 	EXP 	grating: autoDraw = False
66.6656 	EXP 	grating: ori = 0.0
66.6656 	EXP 	fixation: autoDraw = True
67.6656 	EXP 	fixation: autoDraw = False
67.6656 	EXP 	grating: autoDraw = True
67.9657 	EXP 	grating: autoDraw = False
68.2532 	EXP 	New trial (rep=32, index=0): None
68.2561 	DATA 	Keypress: up
68.2657 	EXP 	fixation: autoDraw = False
68.2657 	EXP 	grating: autoDraw = False
68.2657 	EXP 	grating: ori = 3.0
68.2657 	EXP 	fixation: autoDraw = True
69.2654 	EXP 	fixation: autoDraw = False
69.2654 	EXP 	grating: autoDraw = True
69.5658 	EXP 	grating: autoDraw = False
70.0031 	EXP 	New trial (rep=33, index=0): None
70.0059 	DATA 	Keypress: down
70.0157 	EXP 	fixation: autoDraw = False
70.0157 	EXP 	grating: autoDraw = False
70.0157 	EXP 	grating: ori = 0.0
70.0157 	EXP 	fixation: autoDraw = True
71.0156 	EXP 	fixation: autoDraw = False
71.0156 	EXP 	grating: autoDraw = True
71.3158 	EXP 	grating: autoDraw = False
71.6695 	EXP 	New trial (rep=34, index=0): None
71.6723 	DATA 	Keypress: up
71.6821 	EXP 	fixation: autoDraw = False
71.6821 	EXP 	grating: autoDraw = False
71.6821 	EXP 	grating: ori = 0.0
71.6821 	EXP 	fixation: autoDraw = True
72.6824 	EXP 	fixation: autoDraw = False
72.6824 	EXP 	grating: autoDraw = True
72.9824 	EXP 	grating: autoDraw = False
73.7539 	EXP 	New trial (rep=35, index=0): None
73.7568 	DATA 	Keypress: up
73.7656 	EXP 	fixation: autoDraw = False
73.7656 	EXP 	grating: autoDraw = False
73.7656 	EXP 	grating: ori = 0.0
73.7656 	EXP 	fixation: autoDraw = True
74.7474 	EXP 	grating: autoDraw = True
74.7640 	EXP 	fixation: autoDraw = False
75.0361 	EXP 	grating: autoDraw = False
75.3004 	EXP 	New trial (rep=36, index=0): None
75.3026 	DATA 	Keypress: up
75.3069 	EXP 	fixation: autoDraw = False
75.3069 	EXP 	grating: autoDraw = False
75.3069 	EXP 	grating: ori = 0.0
75.3069 	EXP 	fixation: autoDraw = True
76.2991 	EXP 	grating: autoDraw = True
76.3159 	EXP 	fixation: autoDraw = False
76.5993 	EXP 	grating: autoDraw = False
76.8364 	EXP 	New trial (rep=37, index=0): None
76.8394 	DATA 	Keypress: up
76.8493 	EXP 	fixation: autoDraw = False
76.8493 	EXP 	grating: autoDraw = False
76.8493 	EXP 	grating: ori = 0.0
76.8493 	EXP 	fixation: autoDraw = True
77.8493 	EXP 	fixation: autoDraw = False
77.8493 	EXP 	grating: autoDraw = True
78.1493 	EXP 	grating: autoDraw = False
78.4036 	EXP 	New trial (rep=38, index=0): None
78.4064 	DATA 	Keypress: up
78.4156 	EXP 	fixation: autoDraw = False
78.4156 	EXP 	grating: autoDraw = False
78.4156 	EXP 	grating: ori = 0.0
78.4156 	EXP 	fixation: autoDraw = True
79.4163 	EXP 	fixation: autoDraw = False
79.4163 	EXP 	grating: autoDraw = True
79.7159 	EXP 	grating: autoDraw = False
80.0350 	EXP 	New trial (rep=39, index=0): None
80.0367 	DATA 	Keypress: up
80.0493 	EXP 	fixation: autoDraw = False
80.0493 	EXP 	grating: autoDraw = False
80.0493 	EXP 	grating: ori = 0.0
80.0493 	EXP 	fixation: autoDraw = True
81.0498 	EXP 	fixation: autoDraw = False
81.0498 	EXP 	grating: autoDraw = True
81.3495 	EXP 	grating: autoDraw = False
81.5538 	EXP 	New trial (rep=40, index=0): None
81.5567 	DATA 	Keypress: up
81.5661 	EXP 	fixation: autoDraw = False
81.5661 	EXP 	grating: autoDraw = False
81.5661 	EXP 	grating: ori = 0.0
81.5661 	EXP 	fixation: autoDraw = True
82.5666 	EXP 	fixation: autoDraw = False
82.5666 	EXP 	grating: autoDraw = True
82.8660 	EXP 	grating: autoDraw = False
83.1033 	EXP 	New trial (rep=41, index=0): None
83.1062 	DATA 	Keypress: up
83.1161 	EXP 	fixation: autoDraw = False
83.1161 	EXP 	grating: autoDraw = False
83.1161 	EXP 	grating: ori = 0.0
83.1161 	EXP 	fixation: autoDraw = True
84.1238 	EXP 	fixation: autoDraw = False
84.1238 	EXP 	grating: autoDraw = True
84.4199 	EXP 	grating: autoDraw = False
84.6038 	EXP 	New trial (rep=42, index=0): None
84.6068 	DATA 	Keypress: up
84.6159 	EXP 	fixation: autoDraw = False
84.6159 	EXP 	grating: autoDraw = False
84.6159 	EXP 	grating: ori = 1.0
84.6159 	EXP 	fixation: autoDraw = True
85.6164 	EXP 	fixation: autoDraw = False
85.6164 	EXP 	grating: autoDraw = True
85.9158 	EXP 	grating: autoDraw = False
86.3035 	EXP 	New trial (rep=43, index=0): None
86.3063 	DATA 	Keypress: up
86.3158 	EXP 	fixation: autoDraw = False
86.3158 	EXP 	grating: autoDraw = False
86.3158 	EXP 	grating: ori = 0.0
86.3158 	EXP 	fixation: autoDraw = True
87.3168 	EXP 	fixation: autoDraw = False
87.3168 	EXP 	grating: autoDraw = True
87.6158 	EXP 	grating: autoDraw = False
87.9034 	EXP 	New trial (rep=44, index=0): None
87.9062 	DATA 	Keypress: up
87.9162 	EXP 	fixation: autoDraw = False
87.9162 	EXP 	grating: autoDraw = False
87.9162 	EXP 	grating: ori = 0.0
87.9162 	EXP 	fixation: autoDraw = True
88.9159 	EXP 	fixation: autoDraw = False
88.9159 	EXP 	grating: autoDraw = True
89.2159 	EXP 	grating: autoDraw = False
89.4368 	EXP 	New trial (rep=45, index=0): None
89.4398 	DATA 	Keypress: up
89.4495 	EXP 	fixation: autoDraw = False
89.4495 	EXP 	grating: autoDraw = False
89.4495 	EXP 	grating: ori = 0.0
89.4495 	EXP 	fixation: autoDraw = True
90.4494 	EXP 	fixation: autoDraw = False
90.4494 	EXP 	grating: autoDraw = True
90.7495 	EXP 	grating: autoDraw = False
90.9360 	EXP 	New trial (rep=46, index=0): None
90.9389 	DATA 	Keypress: up
90.9497 	EXP 	fixation: autoDraw = False
90.9497 	EXP 	grating: autoDraw = False
90.9497 	EXP 	grating: ori = -2.0
90.9497 	EXP 	fixation: autoDraw = True
91.9501 	EXP 	fixation: autoDraw = False
91.9501 	EXP 	grating: autoDraw = True
92.2493 	EXP 	grating: autoDraw = False
92.6522 	EXP 	New trial (rep=47, index=0): None
92.6538 	DATA 	Keypress: up
92.6664 	EXP 	fixation: autoDraw = False
92.6664 	EXP 	grating: autoDraw = False
92.6664 	EXP 	grating: ori = -5.0
92.6664 	EXP 	fixation: autoDraw = True
93.6663 	EXP 	fixation: autoDraw = False
93.6663 	EXP 	grating: autoDraw = True
93.9667 	EXP 	grating: autoDraw = False
94.3702 	EXP 	New trial (rep=48, index=0): None
94.3730 	DATA 	Keypress: down
94.3827 	EXP 	fixation: autoDraw = False
94.3827 	EXP 	grating: autoDraw = False
94.3827 	EXP 	grating: ori = 0.0
94.3827 	EXP 	fixation: autoDraw = True
95.3829 	EXP 	fixation: autoDraw = False
95.3829 	EXP 	grating: autoDraw = True
95.6827 	EXP 	grating: autoDraw = False
96.0038 	EXP 	New trial (rep=49, index=0): None
96.0066 	DATA 	Keypress: up
96.0165 	EXP 	fixation: autoDraw = False
96.0165 	EXP 	grating: autoDraw = False
96.0165 	EXP 	grating: ori = -3.0
96.0165 	EXP 	fixation: autoDraw = True
97.0162 	EXP 	fixation: autoDraw = False
97.0162 	EXP 	grating: autoDraw = True
97.3164 	EXP 	grating: autoDraw = False
97.5536 	EXP 	New trial (rep=50, index=0): None
97.5565 	DATA 	Keypress: up
97.5663 	EXP 	fixation: autoDraw = False
97.5663 	EXP 	grating: autoDraw = False
97.5663 	EXP 	grating: ori = 0.0
97.5663 	EXP 	fixation: autoDraw = True
98.5663 	EXP 	fixation: autoDraw = False
98.5663 	EXP 	grating: autoDraw = True
98.8660 	EXP 	grating: autoDraw = False
99.2361 	EXP 	New trial (rep=51, index=0): None
99.2389 	DATA 	Keypress: up
99.2507 	EXP 	fixation: autoDraw = False
99.2507 	EXP 	grating: autoDraw = False
99.2507 	EXP 	grating: ori = -4.0
99.2507 	EXP 	fixation: autoDraw = True
100.2504 	EXP 	fixation: autoDraw = False
100.2504 	EXP 	grating: autoDraw = True
100.5497 	EXP 	grating: autoDraw = False
100.9211 	EXP 	New trial (rep=52, index=0): None
100.9239 	DATA 	Keypress: down
100.9331 	EXP 	fixation: autoDraw = False
100.9331 	EXP 	grating: autoDraw = False
100.9331 	EXP 	grating: ori = 0.0
100.9331 	EXP 	fixation: autoDraw = True
101.9329 	EXP 	fixation: autoDraw = False
101.9329 	EXP 	grating: autoDraw = True
102.2330 	EXP 	grating: autoDraw = False
102.7017 	EXP 	New trial (rep=53, index=0): None
102.7044 	DATA 	Keypress: up
102.7165 	EXP 	fixation: autoDraw = False
102.7165 	EXP 	grating: autoDraw = False
102.7165 	EXP 	grating: ori = 0.0
102.7165 	EXP 	fixation: autoDraw = True
103.6997 	EXP 	grating: autoDraw = True
103.7166 	EXP 	fixation: autoDraw = False
103.9998 	EXP 	grating: autoDraw = False
104.3037 	EXP 	New trial (rep=54, index=0): None
104.3065 	DATA 	Keypress: up
104.3166 	EXP 	fixation: autoDraw = False
104.3166 	EXP 	grating: autoDraw = False
104.3166 	EXP 	grating: ori = 1.0
104.3166 	EXP 	fixation: autoDraw = True
105.3169 	EXP 	fixation: autoDraw = False
105.3169 	EXP 	grating: autoDraw = True
105.6165 	EXP 	grating: autoDraw = False
106.1041 	EXP 	New trial (rep=55, index=0): None
106.1069 	DATA 	Keypress: down
106.1166 	EXP 	fixation: autoDraw = False
106.1166 	EXP 	grating: autoDraw = False
106.1166 	EXP 	grating: ori = 0.0
106.1166 	EXP 	fixation: autoDraw = True
107.1164 	EXP 	fixation: autoDraw = False
107.1164 	EXP 	grating: autoDraw = True
107.4163 	EXP 	grating: autoDraw = False
107.6709 	EXP 	New trial (rep=56, index=0): None
107.6739 	DATA 	Keypress: up
107.6828 	EXP 	fixation: autoDraw = False
107.6828 	EXP 	grating: autoDraw = False
107.6828 	EXP 	grating: ori = -4.0
107.6828 	EXP 	fixation: autoDraw = True
108.6830 	EXP 	fixation: autoDraw = False
108.6830 	EXP 	grating: autoDraw = True
108.9830 	EXP 	grating: autoDraw = False
109.1196 	EXP 	New trial (rep=57, index=0): None
109.1224 	DATA 	Keypress: down
109.1342 	EXP 	fixation: autoDraw = False
109.1342 	EXP 	grating: autoDraw = False
109.1342 	EXP 	grating: ori = -5.0
109.1342 	EXP 	fixation: autoDraw = True
110.1330 	EXP 	fixation: autoDraw = False
110.1330 	EXP 	grating: autoDraw = True
110.4335 	EXP 	grating: autoDraw = False
110.7708 	EXP 	New trial (rep=58, index=0): None
110.7736 	DATA 	Keypress: down
110.7829 	EXP 	fixation: autoDraw = False
110.7829 	EXP 	grating: autoDraw = False
110.7829 	EXP 	grating: ori = 0.0
110.7829 	EXP 	fixation: autoDraw = True
111.7833 	EXP 	fixation: autoDraw = False
111.7833 	EXP 	grating: autoDraw = True
112.0839 	EXP 	grating: autoDraw = False
112.5688 	EXP 	New trial (rep=59, index=0): None
112.5709 	DATA 	Keypress: up
112.5839 	EXP 	fixation: autoDraw = False
112.5839 	EXP 	grating: autoDraw = False
112.5839 	EXP 	grating: ori = 2.0
112.5839 	EXP 	fixation: autoDraw = True
113.5831 	EXP 	fixation: autoDraw = False
113.5831 	EXP 	grating: autoDraw = True
113.8834 	EXP 	grating: autoDraw = False
114.4543 	EXP 	New trial (rep=60, index=0): None
114.4571 	DATA 	Keypress: down
114.4668 	EXP 	fixation: autoDraw = False
114.4668 	EXP 	grating: autoDraw = False
114.4668 	EXP 	grating: ori = 4.0
114.4668 	EXP 	fixation: autoDraw = True
115.4667 	EXP 	fixation: autoDraw = False
115.4667 	EXP 	grating: autoDraw = True
115.7665 	EXP 	grating: autoDraw = False
115.9714 	EXP 	New trial (rep=61, index=0): None
115.9743 	DATA 	Keypress: down
115.9832 	EXP 	fixation: autoDraw = False
115.9832 	EXP 	grating: autoDraw = False
115.9832 	EXP 	grating: ori = 4.0
115.9832 	EXP 	fixation: autoDraw = True
116.9832 	EXP 	fixation: autoDraw = False
116.9832 	EXP 	grating: autoDraw = True
117.2838 	EXP 	grating: autoDraw = False
117.4204 	EXP 	New trial (rep=62, index=0): None
117.4233 	DATA 	Keypress: down
117.4333 	EXP 	fixation: autoDraw = False
117.4333 	EXP 	grating: autoDraw = False
117.4333 	EXP 	grating: ori = 0.0
117.4333 	EXP 	fixation: autoDraw = True
118.4334 	EXP 	fixation: autoDraw = False
118.4334 	EXP 	grating: autoDraw = True
118.7333 	EXP 	grating: autoDraw = False
119.0708 	EXP 	New trial (rep=63, index=0): None
119.0736 	DATA 	Keypress: up
119.0833 	EXP 	fixation: autoDraw = False
119.0833 	EXP 	grating: autoDraw = False
119.0833 	EXP 	grating: ori = -4.0
119.0833 	EXP 	fixation: autoDraw = True
120.0834 	EXP 	fixation: autoDraw = False
120.0834 	EXP 	grating: autoDraw = True
120.3833 	EXP 	grating: autoDraw = False
120.6210 	EXP 	New trial (rep=64, index=0): None
120.6239 	DATA 	Keypress: down
120.6331 	EXP 	fixation: autoDraw = False
120.6331 	EXP 	grating: autoDraw = False
120.6331 	EXP 	grating: ori = 0.0
120.6331 	EXP 	fixation: autoDraw = True
121.6335 	EXP 	fixation: autoDraw = False
121.6335 	EXP 	grating: autoDraw = True
121.9332 	EXP 	grating: autoDraw = False
122.3205 	EXP 	New trial (rep=65, index=0): None
122.3234 	DATA 	Keypress: up
122.3337 	EXP 	fixation: autoDraw = False
122.3337 	EXP 	grating: autoDraw = False
122.3337 	EXP 	grating: ori = 1.0
122.3337 	EXP 	fixation: autoDraw = True
123.3334 	EXP 	fixation: autoDraw = False
123.3334 	EXP 	grating: autoDraw = True
123.6340 	EXP 	grating: autoDraw = False
123.8874 	EXP 	New trial (rep=66, index=0): None
123.8891 	DATA 	Keypress: down
123.9006 	EXP 	fixation: autoDraw = False
123.9006 	EXP 	grating: autoDraw = False
123.9006 	EXP 	grating: ori = -3.0
123.9006 	EXP 	fixation: autoDraw = True
124.9003 	EXP 	fixation: autoDraw = False
124.9003 	EXP 	grating: autoDraw = True
125.2002 	EXP 	grating: autoDraw = False
125.7029 	EXP 	New trial (rep=67, index=0): None
125.7043 	DATA 	Keypress: down
125.7167 	EXP 	fixation: autoDraw = False
125.7167 	EXP 	grating: autoDraw = False
125.7167 	EXP 	grating: ori = -5.0
125.7167 	EXP 	fixation: autoDraw = True
126.6988 	EXP 	grating: autoDraw = True
126.7149 	EXP 	fixation: autoDraw = False
126.9874 	EXP 	grating: autoDraw = False
127.1391 	EXP 	New trial (rep=68, index=0): None
127.1406 	DATA 	Keypress: down
127.1455 	EXP 	fixation: autoDraw = False
127.1455 	EXP 	grating: autoDraw = False
127.1455 	EXP 	grating: ori = 0.0
127.1455 	EXP 	fixation: autoDraw = True
128.1507 	EXP 	fixation: autoDraw = False
128.1507 	EXP 	grating: autoDraw = True
128.4499 	EXP 	grating: autoDraw = False
128.8862 	EXP 	New trial (rep=69, index=0): None
128.8879 	DATA 	Keypress: up
128.9002 	EXP 	fixation: autoDraw = False
128.9002 	EXP 	grating: autoDraw = False
128.9002 	EXP 	grating: ori = 4.0
128.9002 	EXP 	fixation: autoDraw = True
129.9002 	EXP 	fixation: autoDraw = False
129.9002 	EXP 	grating: autoDraw = True
130.2003 	EXP 	grating: autoDraw = False
130.4869 	EXP 	New trial (rep=70, index=0): None
130.4892 	DATA 	Keypress: down
130.5005 	EXP 	fixation: autoDraw = False
130.5005 	EXP 	grating: autoDraw = False
130.5005 	EXP 	grating: ori = 0.0
130.5005 	EXP 	fixation: autoDraw = True
131.5004 	EXP 	fixation: autoDraw = False
131.5004 	EXP 	grating: autoDraw = True
131.8005 	EXP 	grating: autoDraw = False
132.1539 	EXP 	New trial (rep=71, index=0): None
132.1560 	DATA 	Keypress: up
132.1674 	EXP 	fixation: autoDraw = False
132.1674 	EXP 	grating: autoDraw = False
132.1674 	EXP 	grating: ori = 0.0
132.1674 	EXP 	fixation: autoDraw = True
133.1679 	EXP 	fixation: autoDraw = False
133.1679 	EXP 	grating: autoDraw = True
133.4670 	EXP 	grating: autoDraw = False
133.8050 	EXP 	New trial (rep=72, index=0): None
133.8079 	DATA 	Keypress: up
133.8169 	EXP 	fixation: autoDraw = False
133.8169 	EXP 	grating: autoDraw = False
133.8169 	EXP 	grating: ori = -5.0
133.8169 	EXP 	fixation: autoDraw = True
134.8172 	EXP 	fixation: autoDraw = False
134.8172 	EXP 	grating: autoDraw = True
135.1177 	EXP 	grating: autoDraw = False
135.5871 	EXP 	New trial (rep=73, index=0): None
135.5890 	DATA 	Keypress: down
135.6007 	EXP 	fixation: autoDraw = False
135.6007 	EXP 	grating: autoDraw = False
135.6007 	EXP 	grating: ori = 0.0
135.6007 	EXP 	fixation: autoDraw = True
136.6003 	EXP 	fixation: autoDraw = False
136.6003 	EXP 	grating: autoDraw = True
136.9003 	EXP 	grating: autoDraw = False
137.2703 	EXP 	New trial (rep=74, index=0): None
137.2732 	DATA 	Keypress: up
137.2838 	EXP 	fixation: autoDraw = False
137.2838 	EXP 	grating: autoDraw = False
137.2838 	EXP 	grating: ori = 0.0
137.2838 	EXP 	fixation: autoDraw = True
138.2839 	EXP 	fixation: autoDraw = False
138.2839 	EXP 	grating: autoDraw = True
138.5838 	EXP 	grating: autoDraw = False
139.1211 	EXP 	New trial (rep=75, index=0): None
139.1240 	DATA 	Keypress: up
139.1338 	EXP 	fixation: autoDraw = False
139.1338 	EXP 	grating: autoDraw = False
139.1338 	EXP 	grating: ori = 0.0
139.1338 	EXP 	fixation: autoDraw = True
140.1336 	EXP 	fixation: autoDraw = False
140.1336 	EXP 	grating: autoDraw = True
140.4338 	EXP 	grating: autoDraw = False
140.7379 	EXP 	New trial (rep=76, index=0): None
140.7407 	DATA 	Keypress: up
140.7507 	EXP 	fixation: autoDraw = False
140.7507 	EXP 	grating: autoDraw = False
140.7507 	EXP 	grating: ori = 0.0
140.7507 	EXP 	fixation: autoDraw = True
141.7506 	EXP 	fixation: autoDraw = False
141.7506 	EXP 	grating: autoDraw = True
142.0507 	EXP 	grating: autoDraw = False
142.3378 	EXP 	New trial (rep=77, index=0): None
142.3406 	DATA 	Keypress: up
142.3503 	EXP 	fixation: autoDraw = False
142.3503 	EXP 	grating: autoDraw = False
142.3503 	EXP 	grating: ori = 0.0
142.3503 	EXP 	fixation: autoDraw = True
143.3511 	EXP 	fixation: autoDraw = False
143.3511 	EXP 	grating: autoDraw = True
143.6511 	EXP 	grating: autoDraw = False
144.0046 	EXP 	New trial (rep=78, index=0): None
144.0075 	DATA 	Keypress: up
144.0186 	EXP 	fixation: autoDraw = False
144.0186 	EXP 	grating: autoDraw = False
144.0186 	EXP 	grating: ori = -2.0
144.0186 	EXP 	fixation: autoDraw = True
145.0192 	EXP 	fixation: autoDraw = False
145.0192 	EXP 	grating: autoDraw = True
145.3187 	EXP 	grating: autoDraw = False
145.7708 	EXP 	New trial (rep=79, index=0): None
145.7730 	DATA 	Keypress: up
145.7836 	EXP 	fixation: autoDraw = False
145.7836 	EXP 	grating: autoDraw = False
145.7836 	EXP 	grating: ori = -5.0
145.7836 	EXP 	fixation: autoDraw = True
146.7839 	EXP 	fixation: autoDraw = False
146.7839 	EXP 	grating: autoDraw = True
147.0837 	EXP 	grating: autoDraw = False
147.3722 	EXP 	New trial (rep=80, index=0): None
147.3751 	DATA 	Keypress: down
147.3839 	EXP 	fixation: autoDraw = False
147.3839 	EXP 	grating: autoDraw = False
147.3839 	EXP 	grating: ori = -3.0
147.3839 	EXP 	fixation: autoDraw = True
148.3845 	EXP 	fixation: autoDraw = False
148.3845 	EXP 	grating: autoDraw = True
148.6839 	EXP 	grating: autoDraw = False
149.0222 	EXP 	New trial (rep=81, index=0): None
149.0251 	DATA 	Keypress: down
149.0338 	EXP 	fixation: autoDraw = False
149.0338 	EXP 	grating: autoDraw = False
149.0338 	EXP 	grating: ori = 0.0
149.0338 	EXP 	fixation: autoDraw = True
150.0352 	EXP 	fixation: autoDraw = False
150.0352 	EXP 	grating: autoDraw = True
150.3340 	EXP 	grating: autoDraw = False
150.6554 	EXP 	New trial (rep=82, index=0): None
150.6581 	DATA 	Keypress: up
150.6675 	EXP 	fixation: autoDraw = False
150.6675 	EXP 	grating: autoDraw = False
150.6675 	EXP 	grating: ori = 0.0
150.6675 	EXP 	fixation: autoDraw = True
151.6675 	EXP 	fixation: autoDraw = False
151.6675 	EXP 	grating: autoDraw = True
151.9679 	EXP 	grating: autoDraw = False
152.1719 	EXP 	New trial (rep=83, index=0): None
152.1747 	DATA 	Keypress: up
152.1842 	EXP 	fixation: autoDraw = False
152.1842 	EXP 	grating: autoDraw = False
152.1842 	EXP 	grating: ori = 2.0
152.1842 	EXP 	fixation: autoDraw = True
153.1840 	EXP 	fixation: autoDraw = False
153.1840 	EXP 	grating: autoDraw = True
153.4834 	EXP 	grating: autoDraw = False
154.0066 	EXP 	New trial (rep=84, index=0): None
154.0095 	DATA 	Keypress: down
154.0172 	EXP 	fixation: autoDraw = False
154.0172 	EXP 	grating: autoDraw = False
154.0172 	EXP 	grating: ori = 0.0
154.0172 	EXP 	fixation: autoDraw = True
155.0173 	EXP 	fixation: autoDraw = False
155.0173 	EXP 	grating: autoDraw = True
155.3180 	EXP 	grating: autoDraw = False
155.7374 	EXP 	New trial (rep=85, index=0): None
155.7389 	DATA 	Keypress: up
155.7514 	EXP 	fixation: autoDraw = False
155.7514 	EXP 	grating: autoDraw = False
155.7514 	EXP 	grating: ori = -3.0
155.7514 	EXP 	fixation: autoDraw = True
156.7516 	EXP 	fixation: autoDraw = False
156.7516 	EXP 	grating: autoDraw = True
157.0507 	EXP 	grating: autoDraw = False
157.3369 	EXP 	New trial (rep=86, index=0): None
157.3389 	DATA 	Keypress: up
157.3510 	EXP 	fixation: autoDraw = False
157.3510 	EXP 	grating: autoDraw = False
157.3510 	EXP 	grating: ori = 0.0
157.3510 	EXP 	fixation: autoDraw = True
158.3514 	EXP 	fixation: autoDraw = False
158.3514 	EXP 	grating: autoDraw = True
158.6506 	EXP 	grating: autoDraw = False
159.0386 	EXP 	New trial (rep=87, index=0): None
159.0419 	DATA 	Keypress: up
159.0512 	EXP 	fixation: autoDraw = False
159.0512 	EXP 	grating: autoDraw = False
159.0512 	EXP 	grating: ori = 2.0
159.0512 	EXP 	fixation: autoDraw = True
160.0509 	EXP 	fixation: autoDraw = False
160.0509 	EXP 	grating: autoDraw = True
160.3508 	EXP 	grating: autoDraw = False
160.6544 	EXP 	New trial (rep=88, index=0): None
160.6574 	DATA 	Keypress: down
160.6677 	EXP 	fixation: autoDraw = False
160.6677 	EXP 	grating: autoDraw = False
160.6677 	EXP 	grating: ori = 0.0
160.6677 	EXP 	fixation: autoDraw = True
161.6677 	EXP 	fixation: autoDraw = False
161.6677 	EXP 	grating: autoDraw = True
161.9675 	EXP 	grating: autoDraw = False
162.3865 	EXP 	New trial (rep=89, index=0): None
162.3897 	DATA 	Keypress: up
162.4021 	EXP 	fixation: autoDraw = False
162.4021 	EXP 	grating: autoDraw = False
162.4021 	EXP 	grating: ori = 3.0
162.4021 	EXP 	fixation: autoDraw = True
163.3844 	EXP 	grating: autoDraw = True
163.4009 	EXP 	fixation: autoDraw = False
163.6843 	EXP 	grating: autoDraw = False
163.9039 	EXP 	New trial (rep=90, index=0): None
163.9068 	DATA 	Keypress: down
163.9182 	EXP 	fixation: autoDraw = False
163.9182 	EXP 	grating: autoDraw = False
163.9182 	EXP 	grating: ori = -5.0
163.9182 	EXP 	fixation: autoDraw = True
164.9175 	EXP 	fixation: autoDraw = False
164.9175 	EXP 	grating: autoDraw = True
165.2180 	EXP 	grating: autoDraw = False
165.5715 	EXP 	New trial (rep=91, index=0): None
165.5743 	DATA 	Keypress: down
165.5847 	EXP 	fixation: autoDraw = False
165.5847 	EXP 	grating: autoDraw = False
165.5847 	EXP 	grating: ori = -3.0
165.5847 	EXP 	fixation: autoDraw = True
166.5851 	EXP 	fixation: autoDraw = False
166.5851 	EXP 	grating: autoDraw = True
166.8844 	EXP 	grating: autoDraw = False
167.3384 	EXP 	New trial (rep=92, index=0): None
167.3412 	DATA 	Keypress: down
167.3512 	EXP 	fixation: autoDraw = False
167.3512 	EXP 	grating: autoDraw = False
167.3512 	EXP 	grating: ori = 0.0
167.3512 	EXP 	fixation: autoDraw = True
168.3512 	EXP 	fixation: autoDraw = False
168.3512 	EXP 	grating: autoDraw = True
168.6510 	EXP 	grating: autoDraw = False
168.9390 	EXP 	New trial (rep=93, index=0): None
168.9418 	DATA 	Keypress: up
168.9515 	EXP 	fixation: autoDraw = False
168.9515 	EXP 	grating: autoDraw = False
168.9515 	EXP 	grating: ori = 0.0
168.9515 	EXP 	fixation: autoDraw = True
169.9515 	EXP 	fixation: autoDraw = False
169.9515 	EXP 	grating: autoDraw = True
170.2513 	EXP 	grating: autoDraw = False
170.5049 	EXP 	New trial (rep=94, index=0): None
170.5079 	DATA 	Keypress: up
170.5178 	EXP 	fixation: autoDraw = False
170.5178 	EXP 	grating: autoDraw = False
170.5178 	EXP 	grating: ori = -4.0
170.5178 	EXP 	fixation: autoDraw = True
171.5186 	EXP 	fixation: autoDraw = False
171.5186 	EXP 	grating: autoDraw = True
171.8178 	EXP 	grating: autoDraw = False
172.0559 	EXP 	New trial (rep=95, index=0): None
172.0587 	DATA 	Keypress: down
172.0671 	EXP 	fixation: autoDraw = False
172.0671 	EXP 	grating: autoDraw = False
172.0671 	EXP 	grating: ori = 0.0
172.0671 	EXP 	fixation: autoDraw = True
173.0678 	EXP 	fixation: autoDraw = False
173.0678 	EXP 	grating: autoDraw = True
173.3679 	EXP 	grating: autoDraw = False
173.6557 	EXP 	New trial (rep=96, index=0): None
173.6585 	DATA 	Keypress: up
173.6682 	EXP 	fixation: autoDraw = False
173.6682 	EXP 	grating: autoDraw = False
173.6682 	EXP 	grating: ori = 3.0
173.6682 	EXP 	fixation: autoDraw = True
174.6686 	EXP 	fixation: autoDraw = False
174.6686 	EXP 	grating: autoDraw = True
174.9679 	EXP 	grating: autoDraw = False
175.3494 	EXP 	New trial (rep=97, index=0): None
175.3519 	DATA 	Keypress: down
175.3563 	EXP 	fixation: autoDraw = False
175.3563 	EXP 	grating: autoDraw = False
175.3563 	EXP 	grating: ori = 0.0
175.3563 	EXP 	fixation: autoDraw = True
176.3515 	EXP 	grating: autoDraw = True
176.3683 	EXP 	fixation: autoDraw = False
176.6512 	EXP 	grating: autoDraw = False
177.2230 	EXP 	New trial (rep=98, index=0): None
177.2258 	DATA 	Keypress: up
177.2348 	EXP 	fixation: autoDraw = False
177.2348 	EXP 	grating: autoDraw = False
177.2348 	EXP 	grating: ori = 0.0
177.2348 	EXP 	fixation: autoDraw = True
178.2346 	EXP 	fixation: autoDraw = False
178.2346 	EXP 	grating: autoDraw = True
178.5347 	EXP 	grating: autoDraw = False
178.8895 	EXP 	New trial (rep=99, index=0): None
178.8924 	DATA 	Keypress: up
178.9019 	EXP 	fixation: autoDraw = False
178.9019 	EXP 	grating: autoDraw = False
178.9019 	EXP 	grating: ori = 2.0
178.9019 	EXP 	fixation: autoDraw = True
179.9015 	EXP 	fixation: autoDraw = False
179.9015 	EXP 	grating: autoDraw = True
180.2013 	EXP 	grating: autoDraw = False
180.5058 	DATA 	Keypress: down
180.5190 	EXP 	fixation: autoDraw = False
180.5190 	EXP 	grating: autoDraw = False
180.6699 	EXP 	window1: mouseVisible = True
